[0717/014546.629:WARNING:spdy_session.cc(3365)] Received HEADERS for invalid stream 1
[0717/014546.649:WARNING:spdy_session.cc(3365)] Received HEADERS for invalid stream 3
[0717/014548.030:WARNING:spdy_session.cc(3365)] Received HEADERS for invalid stream 5
[0717/014548.030:WARNING:spdy_session.cc(3365)] Received HEADERS for invalid stream 7
[0717/014723.294:WARNING:used_ids.h(55)] Duplicate id found. Reassigning from 104 to 127
[0717/014723.294:WARNING:used_ids.h(55)] Duplicate id found. Reassigning from 103 to 125
[0717/014723.294:WARNING:used_ids.h(55)] Duplicate id found. Reassigning from 1 to 14
[0717/014723.294:WARNING:used_ids.h(55)] Duplicate id found. Reassigning from 3 to 13
[0717/014723.294:WARNING:used_ids.h(55)] Duplicate id found. Reassigning from 5 to 12
[0717/014723.294:WARNING:used_ids.h(55)] Duplicate id found. Reassigning from 6 to 11
[0717/014723.295:ERROR:audio_rtp_receiver.cc(89)] AudioRtpReceiver::OnSetVolume: No audio channel exists.
[0717/014808.536:WARNING:used_ids.h(55)] Duplicate id found. Reassigning from 104 to 127
[0717/014808.536:WARNING:used_ids.h(55)] Duplicate id found. Reassigning from 102 to 125
[0717/014808.536:WARNING:used_ids.h(55)] Duplicate id found. Reassigning from 104 to 124
[0717/014808.536:WARNING:used_ids.h(55)] Duplicate id found. Reassigning from 106 to 123
[0717/014808.536:WARNING:used_ids.h(55)] Duplicate id found. Reassigning from 103 to 122
[0717/014808.536:WARNING:used_ids.h(55)] Duplicate id found. Reassigning from 105 to 121
[0717/014808.536:WARNING:used_ids.h(55)] Duplicate id found. Reassigning from 109 to 120
[0717/014808.536:WARNING:used_ids.h(55)] Duplicate id found. Reassigning from 1 to 14
[0717/014808.536:WARNING:used_ids.h(55)] Duplicate id found. Reassigning from 3 to 13
[0717/014808.536:WARNING:used_ids.h(55)] Duplicate id found. Reassigning from 5 to 12
[0717/014808.536:WARNING:used_ids.h(55)] Duplicate id found. Reassigning from 6 to 11
[0717/014808.537:ERROR:audio_rtp_receiver.cc(89)] AudioRtpReceiver::OnSetVolume: No audio channel exists.
[0717/014832.299:ERROR:ssl_client_socket_impl.cc(959)] handshake failed; returned -1, SSL error code 1, net_error -100
[0717/014833.343:ERROR:ssl_client_socket_impl.cc(959)] handshake failed; returned -1, SSL error code 1, net_error -100
[0717/014842.878:ERROR:ssl_client_socket_impl.cc(959)] handshake failed; returned -1, SSL error code 1, net_error -100
[0717/014843.167:ERROR:batching_media_log.cc(38)] MediaEvent: {"error":"FFmpegDemuxer: no supported streams"}
[0717/014843.168:ERROR:batching_media_log.cc(35)] MediaEvent: {"pipeline_error":14}
[0717/014846.087:ERROR:batching_media_log.cc(38)] MediaEvent: {"error":"FFmpegDemuxer: no supported streams"}
[0717/014846.087:ERROR:batching_media_log.cc(35)] MediaEvent: {"pipeline_error":14}
[0717/015326.164:WARNING:spdy_session.cc(3365)] Received HEADERS for invalid stream 983
[0717/015326.164:WARNING:spdy_session.cc(3365)] Received HEADERS for invalid stream 985
[0717/015326.164:WARNING:spdy_session.cc(3365)] Received HEADERS for invalid stream 987
